<?xml version="1.0" encoding="UTF-8"?>
<!-- Generated by org.testng.reporters.JUnitReportReporter -->
<testsuite hostname="DESKTOP-LLLGMOJ" failures="0" tests="1" name="testscripts.TestOrangeHRMLoginLogout" time="2.863" errors="0" timestamp="13 Apr 2023 04:44:12 GMT" skipped="0">
  <testcase classname="testscripts.TestOrangeHRMLoginLogout" name="testLoginLogout" time="2.863"/>
</testsuite> <!-- testscripts.TestOrangeHRMLoginLogout -->
