<?xml version="1.0" encoding="UTF-8"?>
<!-- Generated by org.testng.reporters.JUnitReportReporter -->
<testsuite hostname="DESKTOP-LLLGMOJ" failures="0" tests="1" name="runner.TestRunner" time="15.774" errors="0" timestamp="20 Apr 2023 04:38:44 GMT">
  <testcase classname="runner.TestRunner" name="runScenario" time="15.774"/>
</testsuite> <!-- runner.TestRunner -->
